RMSE = 0.983460336694
1001:
1050889 4.5
67976 3.5
1025642 3.1
624334 3.3
239718 4.1
549109 4.1
143504 3.8
584301 3.5
437680 2.8
2434971 3.8
400819 3.7
1841130 4.0
1926199 3.0
805709 3.7
545109 3.5
662875 3.4
74408 4.1
529725 3.9
1786012 3.0
2382523 3.2
1358422 3.0
780049 3.8
1894639 3.4
1014799 2.9
2176030 3.6
286045 3.1
1381947 3.7
386254 3.7
224172 3.8
404085 4.3
2005305 3.8
1956315 4.8
2580275 3.1
2110738 3.6
1525405 3.5
2187027 3.6
1995906 4.2
2133433 2.8
2097983 2.9
884805 3.8
2083077 4.1
1642134 3.1
2550380 3.7
2559056 4.1
1080407 4.2
1455000 3.8
498315 3.5
2464251 3.2
1149181 3.3
2117376 4.2
1368543 3.3
1216717 2.4
1727516 2.6
1771413 3.8
2326782 3.9
2423679 4.3
1198786 3.0
1042938 3.5
2640911 3.6
328713 3.2
2591056 3.5
256030 3.2
1363889 3.2
2615076 3.0
52736 4.1
1359594 3.0
1385396 2.9
2414993 3.1
1274754 4.1
715115 3.6
795536 3.1
1991455 3.2
1107351 3.6
1451770 3.1
1433190 3.2
1769644 3.8
875020 2.7
2456714 2.8
906813 3.6
837457 3.6
672807 3.8
1863197 4.1
2585014 2.6
666419 3.7
1849372 3.5
1308814 3.4
2344636 3.5
755775 4.2
768710 3.4
2334860 3.0
468090 4.1
1996056 3.6
1603215 3.7
274970 3.9
1060880 3.2
721144 2.8
1381762 3.2
1589154 3.3
2033841 3.4
1372601 3.5
2339869 3.6
41031 3.6
655047 3.1
916708 3.1
1924771 3.6
1686092 3.5
1552908 3.8
329102 3.8
1181907 3.8
1762077 2.8
1583835 3.1
773994 3.4
25452 3.5
321005 3.1
1369500 3.5
2429351 2.8
396491 3.1
1745676 3.9
2204817 3.8
2624938 3.2
491487 3.4
1298591 3.6
77828 3.3
1047191 3.6
2642897 3.3
2494183 3.5
1337506 3.1
1802655 3.9
126058 3.5
940778 3.3
1988427 3.5
1720476 3.8
1947287 3.7
31062 3.3
10010:
1462925 2.4
52050 2.2
650466 2.2
1813166 3.1
2224061 2.8
815731 2.4
154626 2.5
531384 2.3
696688 1.8
1088633 2.6
639327 2.0
59938 2.0
1856669 2.1
2034703 1.8
1060588 3.0
2475682 2.3
1075860 2.0
1633365 2.8
681503 1.4
186927 2.4
2374977 1.8
2113696 2.0
1677862 2.1
10011:
1624701 4.6
2646826 4.2
10012:
2445069 3.2
1483604 4.1
418164 3.1
2491070 3.2
1485175 3.8
1043648 3.9
1913770 2.6
2560523 3.4
2416960 3.1
161063 3.4
56741 3.9
2301550 3.2
1275794 3.1
10013:
2503691 3.7
1222878 3.4
843201 3.7
2271154 3.8
1346139 3.4
124014 3.6
1501028 3.4
2201453 3.7
225422 3.4
222553 3.9
1521657 3.0
295833 4.1
10616 3.4
512945 3.7
844777 3.2
973206 3.4
2246803 3.0
395087 3.2
2360499 3.5
1153049 2.9
1846387 3.1
1454544 2.8
1018789 3.3
914602 3.7
1321443 3.8
1150421 3.3
2045002 3.5
1379641 2.7
178089 2.9
291407 3.4
2229322 3.2
2177405 2.9
105997 3.1
2346736 3.9
1729494 3.2
472225 3.1
1233535 3.5
1529676 4.1
1414279 3.9
461311 2.9
1715286 4.2
1714052 3.4
649457 3.6
451510 3.5
494014 3.6
1544885 2.8
110412 3.3
1894679 3.5
1006623 3.1
467438 3.7
776931 3.1
952735 3.2
221590 3.7
348279 3.9
1911099 3.4
1923760 2.8
397753 3.9
10014:
1626179 3.2
1359761 4.1
430376 2.7
723484 3.7
839609 3.2
10015:
975179 3.9
829739 3.4
1732761 3.0
2162539 3.6
933118 4.0
467156 3.6
164480 4.2
613439 4.0
1312973 4.0
1769664 3.5
2477285 4.1
484575 3.8
2602717 3.6
1320821 4.2
1236649 4.2
705793 3.6
1395812 3.9
2056853 4.3
770517 3.9
1514136 4.3
988835 5.0
1172474 4.3
1213571 4.8
1801332 3.0
1623337 3.3
588400 3.4
2378764 4.3
2405069 3.8
10016:
1751359 2.9
234929 2.0
1759349 2.3
1604433 3.0
1003759 3.8
10017:
2280428 3.2
1129341 3.5
1377724 3.3
10018:
305767 4.9
2316945 4.0
2173031 3.0
676747 3.2
354053 3.6
2119257 3.9
2282361 3.7
1670793 3.4
1960248 2.5
73918 4.1
1516345 3.7
1236649 4.1
1403470 4.0
913554 3.9
647979 3.4
404170 3.8
2487526 3.6
502190 3.8
801510 3.6
2126132 3.8
1652905 3.6
828150 3.3
1634975 4.2
324441 4.3
1569186 3.5
905901 4.1
1435115 3.7
1140656 4.0
423065 3.8
178629 4.2
10019:
22036 3.6
1126085 3.2
487154 3.9
261890 3.1
204512 4.5
2350988 4.4
943653 3.7
1725053 2.8
1967016 3.9
2042897 3.5
513351 4.6
467597 3.1
475394 3.1
610785 3.4
1191387 3.9
2597191 3.7
289045 4.0
1466477 3.6
1970876 3.5
1259566 4.6
2049251 3.9
2535358 3.9
1041111 3.9
67095 3.7
1989902 4.1
1796655 4.0
1772740 3.2
2356037 3.4
884657 3.4
1367415 3.9
1394476 3.5
1137339 3.5
658929 3.9
518974 4.1
1568346 3.4
371346 4.2
1207852 2.5
719156 3.8
1151159 4.1
1882122 4.1
1340177 4.2
306688 4.4
2455675 3.8
1750548 4.0
2145783 4.4
1191324 3.1
389917 3.9
505579 4.3
814902 4.0
245527 3.8
1462807 3.2
459444 3.4
1591721 4.0
1214125 3.4
398395 3.5
2093048 2.5
1933736 3.0
1274113 3.3
1994982 4.5
258371 3.3
378543 3.0
1703266 3.5
2250647 3.4
2085688 3.5
2391227 4.0
2380848 4.9
1116868 3.5
2157768 4.9
1306541 3.7
1002:
2174660 3.3
1685301 2.9
2030264 3.5
1419286 3.6
2520929 3.5
2035568 3.7
1288929 4.0
1680156 2.5
1858104 3.6
988266 3.6
2633719 4.2
156594 3.6
1384253 3.4
1417842 3.2
10020:
922636 4.1
1967058 4.3
1949297 3.9
1562927 4.4
2138373 4.1
431122 3.9
1077653 4.1
167248 4.5
776126 4.4
722639 4.2
2341725 4.1
1252652 5.0
251807 3.9
1751559 4.2
2398282 4.2
705246 4.1
47787 4.5
1064752 3.8
2308022 4.4
2414321 3.8
945481 4.6
1854443 3.6
2035232 4.0
951643 3.9
2381070 3.5
1011906 2.7
908968 4.4
10021:
2366406 2.1
1033592 2.6
249998 2.7
1205724 2.3
10022:
510391 2.3
268014 3.4
2511719 3.1
661571 2.8
1824779 3.4
2178013 3.4
2104013 2.7
1829777 2.7
10023:
1429287 4.2
1321374 4.0
2563028 4.1
679315 3.7
1363076 5.0
982889 3.7
2107604 3.5
2286495 4.0
1756370 3.6
2317624 4.1
2548120 4.6
10038:
885147 4.2
1144499 3.3
1411630 3.1
1069925 3.3
836219 3.1
1417121 3.6
461985 3.6
1148007 2.9
10039:
102104 1.7
1004:
910485 2.4
1970126 2.4
1557423 2.8
2148643 2.8
1520624 3.3
1231161 3.0
1590435 3.1
1913414 3.7
1535671 2.3
2412109 3.1
1096854 3.2
1233953 3.7
225310 3.4
184574 3.0
2598077 2.6
1835453 2.3
1116907 2.8
1418549 3.1
118064 2.8
1000266 3.0
233338 3.3
348207 2.8
849925 2.6
350505 1.7
2563972 2.6
158703 2.2
1501401 2.9
721577 3.0
1809784 2.5
1891207 3.0
288998 3.1
10040:
2417853 3.2
1207062 3.0
2487973 3.7
10041:
869522 3.5
61343 3.0
1325876 3.2
1786012 2.8
2387403 3.1
1595112 3.2
505035 3.8
181533 3.1
786031 3.4
1695980 2.8
60322 2.5
1837857 3.4
1690337 3.9
1102436 2.8
47942 3.2
1772519 3.5
1383323 3.2
2087310 2.7
299599 3.0
2472289 2.5
2493763 2.9
1634482 3.2
506757 2.8
2448355 3.0
2626214 3.4
1099321 2.5
482812 3.3
1312680 2.8
1011503 3.3
1674011 2.9
803169 3.4
10042:
86062 4.9
449288 4.4
1200637 4.9
826793 4.5
358207 4.7
2478232 5.0
1652074 5.0
738504 4.3
2349053 5.0
1359901 4.5
1936779 4.9
501007 4.5
640618 4.9
2075263 4.7
618643 4.8
1852416 5.0
2588589 4.4
1561 5.0
433300 5.0
1824896 4.9
927805 4.5
1302047 5.0
799952 3.9
1628424 4.7
42498 4.8
442949 5.0
214174 5.0
592214 3.5
821426 5.0
1928744 4.9
1583895 4.8
2222492 5.0
2289165 4.8
1693660 5.0
1177074 4.8
1857643 5.0
780937 4.6
763194 4.8
18335 4.4
1207292 4.1
864349 4.9
1848920 4.6
1663166 4.5
1073838 4.3
1729740 4.6
2184817 5.0
435239 4.8
1586124 4.3
367549 4.7
1504619 4.3
2121851 4.7
1311522 5.0
1158233 5.0
1786012 4.2
1813345 5.0
1725691 5.0
235364 4.0
2011360 4.9
1219488 4.2
1304553 4.6
1081209 4.8
355734 4.7
1207654 4.8
1554383 4.7
1552853 4.0
918917 4.1
1361045 4.5
1349810 5.0
1678227 4.6
2147040 4.2
2000309 4.4
1993790 4.3
1117935 4.8
157714 4.5
1648860 4.3
1236919 5.0
1785115 5.0
1667218 4.7
1983122 4.7
2113817 5.0
1019547 4.2
826291 4.7
392760 5.0
277127 4.7
224519 5.0
2178014 4.4
1756743 4.6
966437 5.0
2426972 4.1
2410757 5.0
72630 4.5
415554 4.9
1421967 5.0
1330313 4.6
1588401 4.7
1101658 5.0
559674 4.7
2635311 4.8
1303129 4.7
2429347 4.5
825911 5.0
2365447 5.0
664298 4.5
1077278 5.0
1849693 5.0
1856770 4.6
1195825 4.7
1244852 4.8
1489868 5.0
1294368 4.7
977299 5.0
2582290 4.8
1681172 4.2
428062 5.0
602626 4.3
2603832 4.6
7766 4.8
2427774 4.2
1605305 4.9
392602 5.0
1408842 4.1
1546331 5.0
571530 4.8
658627 5.0
1411717 5.0
2060760 5.0
997695 4.1
1772203 4.5
136341 4.9
1255980 4.4
1406374 4.5
1244512 4.9
664419 4.7
1285139 2.9
1124097 4.6
183462 4.7
2158577 5.0
39518 5.0
123923 4.4
1115357 5.0
1950649 4.6
1055743 5.0
759913 4.7
2176148 4.6
1900271 4.7
2561288 4.7
1648015 4.9
1878820 4.1
2490806 4.3
2450398 5.0
340411 4.4
1829200 4.9
2420556 5.0
135158 4.8
2602447 5.0
510657 4.6
2568440 4.6
860456 4.1
2409399 4.2
2482520 5.0
1555238 3.8
2338393 5.0
2034961 4.8
2421856 4.8
2483895 4.6
1738659 5.0
1016514 4.5
648196 4.5
1464896 4.6
3521 4.9
1427855 5.0
2162416 5.0
480507 4.3
605806 4.5
1582589 5.0
2260949 4.5
126913 4.9
1462261 5.0
1501345 5.0
1818803 4.9
2531096 4.4
2162935 4.8
1249250 5.0
1165360 4.5
706887 4.8
1213808 5.0
1931370 4.4
2571652 4.0
936928 4.6
2465115 5.0
1293776 4.4
2063559 4.7
1594234 5.0
1521559 4.4
1302357 5.0
1929636 5.0
1570293 5.0
1236841 4.6
1645365 4.8
278603 4.9
1575191 4.9
1553813 5.0
793065 4.9
52189 4.6
365149 5.0
1287583 3.4
972752 5.0
2523359 4.8
1625264 4.9
1055810 4.5
1053673 4.5
2588945 4.6
317437 5.0
1819410 5.0
1933557 5.0
1624788 5.0
780973 5.0
1823605 5.0
2522864 4.7
582720 5.0
109760 4.6
2166670 5.0
2136527 5.0
2498038 5.0
1343496 4.8
208264 5.0
2228961 5.0
1743516 4.5
569551 4.7
2198877 4.7
2244219 4.8
1135675 4.8
1808448 4.7
1036933 4.6
1648727 5.0
1493909 4.7
763919 5.0
1377376 4.5
113283 5.0
2103203 4.9
350940 4.4
55480 5.0
573087 4.3
1863195 5.0
1268644 5.0
1818373 5.0
639330 5.0
2444942 5.0
1959768 4.7
402940 4.9
276644 4.2
2566670 4.8
1595082 5.0
618895 4.7
847600 4.7
1737562 4.6
2306124 4.3
2172898 5.0
2132469 4.9
2338966 4.2
312508 4.3
671859 4.2
2270326 4.8
1039740 5.0
411152 4.0
2249254 4.6
1492074 4.7
1023326 5.0
664256 4.5
2171578 4.5
1995060 4.8
1028345 5.0
578830 4.7
1082955 4.4
116977 4.2
1097029 4.4
1543693 4.7
2623937 5.0
931718 4.8
2524430 4.8
1116457 4.7
1838796 4.5
1661807 5.0
2166373 4.5
1519036 5.0
973661 4.6
551679 4.2
1039680 5.0
827712 4.5
417124 5.0
2346483 5.0
42318 4.4
1712565 5.0
1867253 4.4
818856 5.0
159934 4.4
1619493 4.6
2344760 4.8
1368605 4.6
355145 4.6
1598894 5.0
1486764 4.8
2304981 4.9
292258 4.8
1420468 4.1
2573652 4.8
2162543 4.7
429190 4.8
1818401 5.0
138064 5.0
1507820 4.8
1384977 4.5
1882731 5.0
823838 4.7
96722 4.7
2174770 5.0
533720 4.5
1248655 5.0
245303 5.0
1392109 4.5
2224280 5.0
2206144 4.5
2191211 5.0
1857745 5.0
2036644 5.0
1093116 5.0
348805 5.0
1252628 4.9
295633 5.0
222099 4.8
1585818 5.0
1846238 4.8
1891654 4.2
1371746 5.0
2126325 4.5
1874942 4.9
2088365 5.0
473956 5.0
2352245 4.5
1084427 5.0
2621148 5.0
118538 5.0
1756093 5.0
2090086 5.0
1538823 4.4
2639268 5.0
2287172 5.0
1683784 5.0
1529511 4.5
1149851 5.0
1381957 5.0
1316391 4.5
2176281 5.0
1968900 4.6
22601 4.2
2448196 4.9
1442411 4.9
1926334 5.0
1298111 4.6
2575043 4.9
294682 4.5
2082092 4.5
710030 4.7
1070065 4.7
2075183 4.8
2644901 4.7
312211 4.3
2340041 4.4
2426516 5.0
2049285 4.4
786420 5.0
2354891 4.7
1582028 4.7
2391518 4.6
1691088 4.7
1842969 5.0
1992363 4.1
739018 3.9
1700387 4.9
2138553 4.9
2562504 4.8
896747 4.8
1965448 4.2
2414774 4.9
774877 4.5
1862369 5.0
256499 4.7
1526753 4.6
1322407 4.3
493407 4.8
181582 4.8
1349128 4.3
66894 4.8
1915074 4.2
10044 4.3
2246937 5.0
372787 4.8
1095830 4.1
997960 4.7
1913378 5.0
1166011 4.7
2458049 4.6
1441831 4.5
2164887 4.6
2621082 4.7
1382836 4.8
162753 5.0
800145 4.7
508727 4.1
1937981 5.0
222333 5.0
1624040 4.3
1310028 4.9
745039 4.7
2166473 4.4
1111762 4.9
1006456 4.3
2378211 5.0
1663338 4.9
2428228 4.1
1860465 5.0
637958 4.8
1443724 4.9
2519453 5.0
435157 4.8
1597816 4.3
2266623 5.0
732802 5.0
2207228 5.0
2320873 4.4
914857 4.5
822956 5.0
1869720 4.3
19534 4.8
601966 4.9
2016115 4.1
2056799 4.6
954656 3.5
2484300 4.5
1221673 4.7
1154815 4.5
1233495 5.0
133101 4.6
2328661 5.0
906985 5.0
624733 5.0
83805 5.0
2073663 5.0
2082786 4.4
2380160 4.1
1005584 4.9
319250 4.9
779887 4.6
1034379 4.4
1435637 5.0
460540 4.4
1145793 3.9
1457053 4.7
2517184 4.8
1783909 4.4
764659 4.8
177646 4.5
2109572 4.2
1460379 4.8
1822764 4.8
1126179 5.0
102451 4.6
306130 4.9
2481821 4.8
1650395 4.4
1595895 3.9
200147 4.1
989696 4.7
308798 4.3
2478700 3.7
874887 5.0
1057675 4.9
51049 5.0
1490653 4.1
1219200 4.9
2384176 4.8
580058 5.0
2465985 4.7
1894354 4.6
346750 5.0
1770017 5.0
748664 5.0
2608024 5.0
1838411 4.5
1472853 4.5
2436848 5.0
2310036 4.4
792857 4.4
555123 4.7
409621 5.0
389183 4.8
1747641 4.7
2508315 4.1
1825107 3.9
2386027 5.0
2319476 4.9
1229941 4.3
1929359 4.5
1889550 5.0
1270747 5.0
836219 4.6
587070 5.0
886780 5.0
632633 5.0
1991078 4.8
1121007 4.3
10045:
2314434 3.7
10046:
1178866 2.8
803423 2.5
2506142 2.2
